Performing C SOURCE FILE Test CMAKE_HAVE_LIBC_PTHREAD failed with the following output:
Change Dir: /home/zhy/CppProject/CAPE/CAPE/build/CMakeFiles/CMakeScratch/TryCompile-N7N8V9

Run Build Command(s):/usr/bin/make -f Makefile cmTC_7f8c0/fast && /usr/bin/make  -f CMakeFiles/cmTC_7f8c0.dir/build.make CMakeFiles/cmTC_7f8c0.dir/build
make[1]: Entering directory '/home/zhy/CppProject/CAPE/CAPE/build/CMakeFiles/CMakeScratch/TryCompile-N7N8V9'
Building C object CMakeFiles/cmTC_7f8c0.dir/src.c.o
/usr/bin/cc -DCMAKE_HAVE_LIBC_PTHREAD  -fPIC  -o CMakeFiles/cmTC_7f8c0.dir/src.c.o -c /home/zhy/CppProject/CAPE/CAPE/build/CMakeFiles/CMakeScratch/TryCompile-N7N8V9/src.c
Linking C executable cmTC_7f8c0
/usr/local/bin/cmake -E cmake_link_script CMakeFiles/cmTC_7f8c0.dir/link.txt --verbose=1
/usr/bin/cc -fPIC  -rdynamic CMakeFiles/cmTC_7f8c0.dir/src.c.o -o cmTC_7f8c0 
/usr/bin/ld: CMakeFiles/cmTC_7f8c0.dir/src.c.o: in function `main':
src.c:(.text+0x46): undefined reference to `pthread_create'
/usr/bin/ld: src.c:(.text+0x52): undefined reference to `pthread_detach'
/usr/bin/ld: src.c:(.text+0x5e): undefined reference to `pthread_cancel'
/usr/bin/ld: src.c:(.text+0x6f): undefined reference to `pthread_join'
collect2: error: ld returned 1 exit status
make[1]: *** [CMakeFiles/cmTC_7f8c0.dir/build.make:99: cmTC_7f8c0] Error 1
make[1]: Leaving directory '/home/zhy/CppProject/CAPE/CAPE/build/CMakeFiles/CMakeScratch/TryCompile-N7N8V9'
make: *** [Makefile:127: cmTC_7f8c0/fast] Error 2


Source file was:
#include <pthread.h>

static void* test_func(void* data)
{
  return data;
}

int main(void)
{
  pthread_t thread;
  pthread_create(&thread, NULL, test_func, NULL);
  pthread_detach(thread);
  pthread_cancel(thread);
  pthread_join(thread, NULL);
  pthread_atfork(NULL, NULL, NULL);
  pthread_exit(NULL);

  return 0;
}


Determining if the function pthread_create exists in the pthreads failed with the following output:
Change Dir: /home/zhy/CppProject/CAPE/CAPE/build/CMakeFiles/CMakeScratch/TryCompile-hiMbX8

Run Build Command(s):/usr/bin/make -f Makefile cmTC_8b2ad/fast && /usr/bin/make  -f CMakeFiles/cmTC_8b2ad.dir/build.make CMakeFiles/cmTC_8b2ad.dir/build
make[1]: Entering directory '/home/zhy/CppProject/CAPE/CAPE/build/CMakeFiles/CMakeScratch/TryCompile-hiMbX8'
Building C object CMakeFiles/cmTC_8b2ad.dir/CheckFunctionExists.c.o
/usr/bin/cc   -fPIC -DCHECK_FUNCTION_EXISTS=pthread_create -o CMakeFiles/cmTC_8b2ad.dir/CheckFunctionExists.c.o -c /home/zhy/CppProject/CAPE/CAPE/build/CMakeFiles/CMakeScratch/TryCompile-hiMbX8/CheckFunctionExists.c
Linking C executable cmTC_8b2ad
/usr/local/bin/cmake -E cmake_link_script CMakeFiles/cmTC_8b2ad.dir/link.txt --verbose=1
/usr/bin/cc -fPIC -DCHECK_FUNCTION_EXISTS=pthread_create -rdynamic CMakeFiles/cmTC_8b2ad.dir/CheckFunctionExists.c.o -o cmTC_8b2ad  -lpthreads 
/usr/bin/ld: cannot find -lpthreads
collect2: error: ld returned 1 exit status
make[1]: *** [CMakeFiles/cmTC_8b2ad.dir/build.make:99: cmTC_8b2ad] Error 1
make[1]: Leaving directory '/home/zhy/CppProject/CAPE/CAPE/build/CMakeFiles/CMakeScratch/TryCompile-hiMbX8'
make: *** [Makefile:127: cmTC_8b2ad/fast] Error 2



